0 info it worked if it ends with ok
1 verbose cli [ 'C:\\Program Files\\nodejs\\node.exe',
1 verbose cli   'C:\\Program Files\\nodejs\\node_modules\\npm\\bin\\npm-cli.js',
1 verbose cli   'run',
1 verbose cli   'build' ]
2 info using npm@3.10.10
3 info using node@v6.9.4
4 verbose run-script [ 'prebuild', 'build', 'postbuild' ]
5 info lifecycle automation-editor-poc@0.0.0~prebuild: automation-editor-poc@0.0.0
6 silly lifecycle automation-editor-poc@0.0.0~prebuild: no script for prebuild, continuing
7 info lifecycle automation-editor-poc@0.0.0~build: automation-editor-poc@0.0.0
8 verbose lifecycle automation-editor-poc@0.0.0~build: unsafe-perm in lifecycle true
9 verbose lifecycle automation-editor-poc@0.0.0~build: PATH: C:\Users\MS\AppData\Roaming\nvm\v6.9.4\node_modules\npm\bin\node-gyp-bin;C:\Users\MS\proyectos\Doppler Automation\node_modules\.bin;C:\Windows\system32;C:\Windows;C:\Python27;C:\Python27\Tools\Scripts;C:\Windows\System32\Wbem;C:\Windows\System32\WindowsPowerShell\v1.0\;C:\Windows\System32\OpenSSH\;C:\ProgramData\chocolatey\bin;c:\Program Files (x86)\Microsoft ASP.NET\ASP.NET Web Pages\v1.0\;C:\Program Files\dotnet\;C:\Program Files\Microsoft SQL Server\Client SDK\ODBC\110\Tools\Binn\;C:\Program Files\Git\cmd;C:\Users\MS\AppData\Roaming\nvm;C:\Program Files\Microsoft SQL Server\Client SDK\ODBC\170\Tools\Binn\;C:\Program Files (x86)\Microsoft SQL Server\150\DTS\Binn\;C:\Program Files\Azure Data Studio\bin;C:\Program Files (x86)\Microsoft SQL Server\120\Tools\Binn\;C:\Program Files\Microsoft SQL Server\120\Tools\Binn\;C:\Program Files\Microsoft SQL Server\120\DTS\Binn\;C:\Program Files (x86)\Microsoft SQL Server\120\DTS\Binn\;C:\Users\MS\AppData\Local\Microsoft\WindowsApps;C:\Users\MS\AppData\Local\Programs\Microsoft VS Code\bin;C:\Users\MS\.dotnet\tools;C:\Users\MS\AppData\Roaming\nvm;C:\Users;C:\Users\MS\AppData\Roaming\nvm;C:\Program Files\nodejs;C:\Program Files\Microsoft SQL Server\130\Tools\Binn\;C:\Program Files (x86)\dotnet\;C:\Program Files\Perforce\;C:\Program Files (x86)\GitExtensions\;C:\Users\MS\AppData\Local\Microsoft\WindowsApps;C:\Users\MS\AppData\Local\Programs\Microsoft VS Code\bin;C:\Users\MS\.dotnet\tools;C:\Users\MS\AppData\Roaming\nvm;C:\Program Files\nodejs;C:\Program Files\Azure Data Studio\bin;C:\Python27;C:\Python27\Tools\Scripts;C:\Users\MS\AppData\Roaming\npm
10 verbose lifecycle automation-editor-poc@0.0.0~build: CWD: C:\Users\MS\proyectos\Doppler Automation
11 silly lifecycle automation-editor-poc@0.0.0~build: Args: [ '/d /s /c', 'webpack' ]
12 silly lifecycle automation-editor-poc@0.0.0~build: Returned: code: 1  signal: null
13 info lifecycle automation-editor-poc@0.0.0~build: Failed to exec build script
14 verbose stack Error: automation-editor-poc@0.0.0 build: `webpack`
14 verbose stack Exit status 1
14 verbose stack     at EventEmitter.<anonymous> (C:\Users\MS\AppData\Roaming\nvm\v6.9.4\node_modules\npm\lib\utils\lifecycle.js:255:16)
14 verbose stack     at emitTwo (events.js:106:13)
14 verbose stack     at EventEmitter.emit (events.js:191:7)
14 verbose stack     at ChildProcess.<anonymous> (C:\Users\MS\AppData\Roaming\nvm\v6.9.4\node_modules\npm\lib\utils\spawn.js:40:14)
14 verbose stack     at emitTwo (events.js:106:13)
14 verbose stack     at ChildProcess.emit (events.js:191:7)
14 verbose stack     at maybeClose (internal/child_process.js:877:16)
14 verbose stack     at Process.ChildProcess._handle.onexit (internal/child_process.js:226:5)
15 verbose pkgid automation-editor-poc@0.0.0
16 verbose cwd C:\Users\MS\proyectos\Doppler Automation
17 error Windows_NT 10.0.19044
18 error argv "C:\\Program Files\\nodejs\\node.exe" "C:\\Program Files\\nodejs\\node_modules\\npm\\bin\\npm-cli.js" "run" "build"
19 error node v6.9.4
20 error npm  v3.10.10
21 error code ELIFECYCLE
22 error automation-editor-poc@0.0.0 build: `webpack`
22 error Exit status 1
23 error Failed at the automation-editor-poc@0.0.0 build script 'webpack'.
23 error Make sure you have the latest version of node.js and npm installed.
23 error If you do, this is most likely a problem with the automation-editor-poc package,
23 error not with npm itself.
23 error Tell the author that this fails on your system:
23 error     webpack
23 error You can get information on how to open an issue for this project with:
23 error     npm bugs automation-editor-poc
23 error Or if that isn't available, you can get their info via:
23 error     npm owner ls automation-editor-poc
23 error There is likely additional logging output above.
24 verbose exit [ 1, true ]
