Arguments: 
  /Users/mpayne/.nvm/versions/node/v14.15.0/bin/node /Users/mpayne/.nvm/versions/node/v14.15.0/bin/yarn

PATH: 
  /Users/mpayne/.nvm/versions/node/v14.15.0/bin:/usr/local/bin:/usr/bin:/bin:/usr/sbin:/sbin:/Library/Apple/usr/bin:/Applications/Visual Studio Code.app/Contents/Resources/app/bin

Yarn version: 
  1.22.10

Node version: 
  14.15.0

Platform: 
  darwin x64

Trace: 
  SyntaxError: /Users/mpayne/Development/workspaces/personal/angular-templatecache-webpack5-plugin/package.json: Unexpected token } in JSON at position 499
      at JSON.parse (<anonymous>)
      at /Users/mpayne/.nvm/versions/node/v14.15.0/lib/node_modules/yarn/lib/cli.js:1625:59
      at Generator.next (<anonymous>)
      at step (/Users/mpayne/.nvm/versions/node/v14.15.0/lib/node_modules/yarn/lib/cli.js:310:30)
      at /Users/mpayne/.nvm/versions/node/v14.15.0/lib/node_modules/yarn/lib/cli.js:321:13

npm manifest: 
  {
    "name": "angular-templatecache-webpack5-plugin",
    "version": "1.1.0",
    "license": "MIT",
    "description": "Webpack5 plugin that concatenates and registers AngularJS templates in the $templateCache.",
    "author": "Matthew Payne (https://github.com/matthew-b-payne) fork of https://github.com/rafaelmussi/angular-templatecache-webpack-plugin",
    "main": "index.js",
    "scripts": {
      "test": "echo \"Error: no test specified\" && exit 1"
    },
    "devDependencies": {
      "webpack": "^5.50.1",
    },
    "dependencies": {
      "fs": "0.0.1-security",
      "glob": "^7.1.6",
      "glob-parent": "^5.1.1",
      "jsesc": "^3.0.2",
      "lodash.template": "^4.5.0",
      "path": "^0.12.7",
      "schema-utils": "^1.0.0"
    },
    "peerDependencies": {
      "webpack": "^5.0.0"
    },
    "keywords": [
      "angular-templatecache-webpack-plugin",
      "angular-templatecache-webpack5-plugin",
      "angular",
      "angularjs",
      "angular js",
      "templatecache",
      "template",
      "template cache",
      "webpack",
      "webpack5",
      "plugin",
      "cache busting"
    ],
    "bugs": "https://github.com/matthew-b-payne/angular-templatecache-webpack-plugin/issues",
    "homepage": "https://github.com/matthew-b-payne/angular-templatecache-webpack-plugin",
    "repository": "https://github.com/matthew-b-payne/angular-templatecache-webpack-plugin.git"
  }

yarn manifest: 
  No manifest

Lockfile: 
  No lockfile
